#
# There is insufficient memory for the Java Runtime Environment to continue.
# Native memory allocation (malloc) failed to allocate 756256 bytes for Chunk::new
# Possible reasons:
#   The system is out of physical RAM or swap space
#   In 32 bit mode, the process size limit was hit
# Possible solutions:
#   Reduce memory load on the system
#   Increase physical memory or swap space
#   Check if swap backing store is full
#   Use 64 bit Java on a 64 bit OS
#   Decrease Java heap size (-Xmx/-Xms)
#   Decrease number of Java threads
#   Decrease Java thread stack sizes (-Xss)
#   Set larger code cache with -XX:ReservedCodeCacheSize=
# This output file may be truncated or incomplete.
#
#  Out of Memory Error (allocation.cpp:390), pid=39184, tid=39516
#
# JRE version: Java(TM) SE Runtime Environment (8.0_45-b14) (build 1.8.0_45-b14)
# Java VM: Java HotSpot(TM) 64-Bit Server VM (25.45-b02 mixed mode windows-amd64 compressed oops)
# Failed to write core dump. Minidumps are not enabled by default on client versions of Windows
#

---------------  T H R E A D  ---------------

Current thread (0x0000000014d9d800):  JavaThread "C2 CompilerThread1" daemon [_thread_in_native, id=39516, stack(0x00000000163b0000,0x00000000164b0000)]

Stack: [0x00000000163b0000,0x00000000164b0000]
Native frames: (J=compiled Java code, j=interpreted, Vv=VM code, C=native code)
V  [jvm.dll+0x32b57a]
V  [jvm.dll+0x279873]
V  [jvm.dll+0x27a509]
V  [jvm.dll+0x271825]
V  [jvm.dll+0xcb9e2]
V  [jvm.dll+0xcbeac]
V  [jvm.dll+0x476ef2]
V  [jvm.dll+0x4b955f]
V  [jvm.dll+0x46baa8]
V  [jvm.dll+0x46ccbe]
V  [jvm.dll+0x4500f2]
V  [jvm.dll+0xa4352]
V  [jvm.dll+0xa4c8f]
V  [jvm.dll+0x241984]
V  [jvm.dll+0x29853a]
C  [msvcr100.dll+0x21d9f]
C  [msvcr100.dll+0x21e3b]
C  [KERNEL32.DLL+0x4d42]
C  [ntdll.dll+0x693a4]


Current CompileTask:
C2:  21496 1810       4       com.android.dx.ssa.ConstCollector::getConstsSortedByCountUse (386 bytes)


---------------  P R O C E S S  ---------------

Java Threads: ( => current thread )
  0x0000000002591000 JavaThread "DestroyJavaVM" [_thread_blocked, id=39328, stack(0x0000000002400000,0x0000000002500000)]
  0x00000000165c3800 JavaThread "Service Thread" daemon [_thread_blocked, id=39600, stack(0x00000000169b0000,0x0000000016ab0000)]
  0x0000000014dbb800 JavaThread "C1 CompilerThread2" daemon [_thread_blocked, id=39540, stack(0x00000000164b0000,0x00000000165b0000)]
=>0x0000000014d9d800 JavaThread "C2 CompilerThread1" daemon [_thread_in_native, id=39516, stack(0x00000000163b0000,0x00000000164b0000)]
  0x0000000014d5b800 JavaThread "C2 CompilerThread0" daemon [_thread_in_native, id=39584, stack(0x00000000162b0000,0x00000000163b0000)]
  0x0000000014d5a800 JavaThread "Attach Listener" daemon [_thread_blocked, id=39524, stack(0x00000000161b0000,0x00000000162b0000)]
  0x0000000014d59800 JavaThread "Signal Dispatcher" daemon [_thread_blocked, id=39560, stack(0x00000000160b0000,0x00000000161b0000)]
  0x0000000002686000 JavaThread "Finalizer" daemon [_thread_blocked, id=39484, stack(0x0000000015fb0000,0x00000000160b0000)]
  0x000000000267d000 JavaThread "Reference Handler" daemon [_thread_blocked, id=39604, stack(0x0000000015eb0000,0x0000000015fb0000)]

Other Threads:
  0x0000000014d27800 VMThread [stack: 0x0000000015db0000,0x0000000015eb0000] [id=39532]
  0x00000000165c5000 WatcherThread [stack: 0x0000000016ab0000,0x0000000016bb0000] [id=39576]

VM state:not at safepoint (normal execution)

VM Mutex/Monitor currently owned by a thread: None

Heap:
 PSYoungGen      total 38400K, used 14939K [0x00000000eab00000, 0x00000000ef700000, 0x0000000100000000)
  eden space 33280K, 29% used [0x00000000eab00000,0x00000000eb499d68,0x00000000ecb80000)
  from space 5120K, 99% used [0x00000000ecb80000,0x00000000ed07d0b0,0x00000000ed080000)
  to   space 12288K, 0% used [0x00000000eeb00000,0x00000000eeb00000,0x00000000ef700000)
 ParOldGen       total 87552K, used 64606K [0x00000000c0000000, 0x00000000c5580000, 0x00000000eab00000)
  object space 87552K, 73% used [0x00000000c0000000,0x00000000c3f17a10,0x00000000c5580000)
 Metaspace       used 6866K, capacity 7640K, committed 7936K, reserved 1056768K
  class space    used 633K, capacity 656K, committed 768K, reserved 1048576K

Card table byte_map: [0x0000000011a50000,0x0000000011c60000] byte_map_base: 0x0000000011450000

Marking Bits: (ParMarkBitMap*) 0x0000000064794040
 Begin Bits: [0x00000000121c0000, 0x00000000131c0000)
 End Bits:   [0x00000000131c0000, 0x00000000141c0000)

Polling page: 0x0000000000c40000

CodeCache: size=245760Kb used=11414Kb max_used=11414Kb free=234345Kb
 bounds [0x0000000002690000, 0x00000000031c0000, 0x0000000011690000]
 total_blobs=2858 nmethods=2584 adapters=186
 compilation: enabled

Compilation events (10 events):
Event: 6.787 Thread 0x0000000014d9d800 nmethod 1798 0x0000000002ed6410 code [0x0000000002ed6560, 0x0000000002ed6788]
Event: 6.787 Thread 0x0000000014d9d800 1799       4       java.util.BitSet::checkRange (104 bytes)
Event: 6.788 Thread 0x0000000014d9d800 nmethod 1799 0x0000000002d8b850 code [0x0000000002d8b980, 0x0000000002d8ba18]
Event: 6.793 Thread 0x0000000014d9d800 1809       4       com.android.dx.dex.code.RopTranslator::pickOrder (400 bytes)
Event: 6.800 Thread 0x0000000014dbb800 1811       1       com.android.dx.rop.cst.TypedConstant::getFrameType (2 bytes)
Event: 6.800 Thread 0x0000000014dbb800 nmethod 1811 0x0000000002ea5090 code [0x0000000002ea51e0, 0x0000000002ea52f0]
Event: 6.803 Thread 0x0000000014dbb800 1812       3       com.android.dx.util.ByteArray::getShort (25 bytes)
Event: 6.803 Thread 0x0000000014dbb800 nmethod 1812 0x0000000002ed7910 code [0x0000000002ed7a80, 0x0000000002ed7d48]
Event: 6.969 Thread 0x0000000014d9d800 nmethod 1809 0x0000000002ef5990 code [0x0000000002ef5ba0, 0x0000000002ef7548]
Event: 6.969 Thread 0x0000000014d9d800 1810       4       com.android.dx.ssa.ConstCollector::getConstsSortedByCountUse (386 bytes)

GC Heap History (6 events):
Event: 2.327 GC heap before
{Heap before GC invocations=1 (full 0):
 PSYoungGen      total 38400K, used 33280K [0x00000000eab00000, 0x00000000ed580000, 0x0000000100000000)
  eden space 33280K, 100% used [0x00000000eab00000,0x00000000ecb80000,0x00000000ecb80000)
  from space 5120K, 0% used [0x00000000ed080000,0x00000000ed080000,0x00000000ed580000)
  to   space 5120K, 0% used [0x00000000ecb80000,0x00000000ecb80000,0x00000000ed080000)
 ParOldGen       total 87552K, used 0K [0x00000000c0000000, 0x00000000c5580000, 0x00000000eab00000)
  object space 87552K, 0% used [0x00000000c0000000,0x00000000c0000000,0x00000000c5580000)
 Metaspace       used 5702K, capacity 6960K, committed 7040K, reserved 1056768K
  class space    used 550K, capacity 616K, committed 640K, reserved 1048576K
Event: 2.338 GC heap after
Heap after GC invocations=1 (full 0):
 PSYoungGen      total 38400K, used 5118K [0x00000000eab00000, 0x00000000ed580000, 0x0000000100000000)
  eden space 33280K, 0% used [0x00000000eab00000,0x00000000eab00000,0x00000000ecb80000)
  from space 5120K, 99% used [0x00000000ecb80000,0x00000000ed07fa88,0x00000000ed080000)
  to   space 5120K, 0% used [0x00000000ed080000,0x00000000ed080000,0x00000000ed580000)
 ParOldGen       total 87552K, used 1693K [0x00000000c0000000, 0x00000000c5580000, 0x00000000eab00000)
  object space 87552K, 1% used [0x00000000c0000000,0x00000000c01a7508,0x00000000c5580000)
 Metaspace       used 5702K, capacity 6960K, committed 7040K, reserved 1056768K
  class space    used 550K, capacity 616K, committed 640K, reserved 1048576K
}
Event: 4.907 GC heap before
{Heap before GC invocations=2 (full 0):
 PSYoungGen      total 38400K, used 38398K [0x00000000eab00000, 0x00000000ed580000, 0x0000000100000000)
  eden space 33280K, 100% used [0x00000000eab00000,0x00000000ecb80000,0x00000000ecb80000)
  from space 5120K, 99% used [0x00000000ecb80000,0x00000000ed07fa88,0x00000000ed080000)
  to   space 5120K, 0% used [0x00000000ed080000,0x00000000ed080000,0x00000000ed580000)
 ParOldGen       total 87552K, used 1693K [0x00000000c0000000, 0x00000000c5580000, 0x00000000eab00000)
  object space 87552K, 1% used [0x00000000c0000000,0x00000000c01a7508,0x00000000c5580000)
 Metaspace       used 5845K, capacity 7088K, committed 7296K, reserved 1056768K
  class space    used 552K, capacity 616K, committed 640K, reserved 1048576K
Event: 5.138 GC heap after
Heap after GC invocations=2 (full 0):
 PSYoungGen      total 38400K, used 5093K [0x00000000eab00000, 0x00000000ed580000, 0x0000000100000000)
  eden space 33280K, 0% used [0x00000000eab00000,0x00000000eab00000,0x00000000ecb80000)
  from space 5120K, 99% used [0x00000000ed080000,0x00000000ed5797a0,0x00000000ed580000)
  to   space 5120K, 0% used [0x00000000ecb80000,0x00000000ecb80000,0x00000000ed080000)
 ParOldGen       total 87552K, used 6654K [0x00000000c0000000, 0x00000000c5580000, 0x00000000eab00000)
  object space 87552K, 7% used [0x00000000c0000000,0x00000000c067fbf0,0x00000000c5580000)
 Metaspace       used 5845K, capacity 7088K, committed 7296K, reserved 1056768K
  class space    used 552K, capacity 616K, committed 640K, reserved 1048576K
}
Event: 6.830 GC heap before
{Heap before GC invocations=3 (full 0):
 PSYoungGen      total 38400K, used 38373K [0x00000000eab00000, 0x00000000ed580000, 0x0000000100000000)
  eden space 33280K, 100% used [0x00000000eab00000,0x00000000ecb80000,0x00000000ecb80000)
  from space 5120K, 99% used [0x00000000ed080000,0x00000000ed5797a0,0x00000000ed580000)
  to   space 5120K, 0% used [0x00000000ecb80000,0x00000000ecb80000,0x00000000ed080000)
 ParOldGen       total 87552K, used 6654K [0x00000000c0000000, 0x00000000c5580000, 0x00000000eab00000)
  object space 87552K, 7% used [0x00000000c0000000,0x00000000c067fbf0,0x00000000c5580000)
 Metaspace       used 5868K, capacity 7088K, committed 7296K, reserved 1056768K
  class space    used 553K, capacity 616K, committed 640K, reserved 1048576K
Event: 6.968 GC heap after
Heap after GC invocations=3 (full 0):
 PSYoungGen      total 38400K, used 5115K [0x00000000eab00000, 0x00000000ed580000, 0x0000000100000000)
  eden space 33280K, 0% used [0x00000000eab00000,0x00000000eab00000,0x00000000ecb80000)
  from space 5120K, 99% used [0x00000000ecb80000,0x00000000ed07ed10,0x00000000ed080000)
  to   space 5120K, 0% used [0x00000000ed080000,0x00000000ed080000,0x00000000ed580000)
 ParOldGen       total 87552K, used 11928K [0x00000000c0000000, 0x00000000c5580000, 0x00000000eab00000)
  object space 87552K, 13% used [0x00000000c0000000,0x00000000c0ba63e0,0x00000000c5580000)
 Metaspace       used 5868K, capacity 7088K, committed 7296K, reserved 1056768K
  class space    used 553K, capacity 616K, committed 640K, reserved 1048576K
}

Deoptimization events (10 events):
Event: 3.361 Thread 0x0000000002591000 Uncommon trap: reason=unstable_if action=reinterpret pc=0x0000000002b3fb80 method=com.android.dx.ssa.SsaRenamer$BlockRenamer.addMapping(ILcom/android/dx/rop/code/RegisterSpec;)V @ 120
Event: 3.504 Thread 0x0000000002591000 Uncommon trap: reason=unstable_if action=reinterpret pc=0x0000000002d4d95c method=com.android.dx.rop.code.LocalVariableInfo.mergeStarts(ILcom/android/dx/rop/code/RegisterSpecSet;)Z @ 31
Event: 4.875 Thread 0x0000000002591000 Uncommon trap: reason=class_check action=maybe_recompile pc=0x0000000002d0685c method=com.android.dx.rop.code.RegisterSpec.withSimpleType()Lcom/android/dx/rop/code/RegisterSpec; @ 21
Event: 6.000 Thread 0x0000000002591000 Uncommon trap: reason=class_check action=maybe_recompile pc=0x0000000002d0685c method=com.android.dx.rop.code.RegisterSpec.withSimpleType()Lcom/android/dx/rop/code/RegisterSpec; @ 21
Event: 6.004 Thread 0x0000000002591000 Uncommon trap: reason=class_check action=maybe_recompile pc=0x0000000002d0685c method=com.android.dx.rop.code.RegisterSpec.withSimpleType()Lcom/android/dx/rop/code/RegisterSpec; @ 21
Event: 6.408 Thread 0x0000000002591000 Uncommon trap: reason=unstable_if action=reinterpret pc=0x0000000002d06674 method=com.android.dx.rop.code.RegisterSpecSet.localItemToSpec(Lcom/android/dx/rop/code/LocalItem;)Lcom/android/dx/rop/code/RegisterSpec; @ 35
Event: 6.408 Thread 0x0000000002591000 Uncommon trap: reason=unstable_if action=reinterpret pc=0x0000000002ceca38 method=com.android.dx.rop.code.RegisterSpecSet.localItemToSpec(Lcom/android/dx/rop/code/LocalItem;)Lcom/android/dx/rop/code/RegisterSpec; @ 35
Event: 6.723 Thread 0x0000000002591000 Uncommon trap: reason=bimorphic action=maybe_recompile pc=0x0000000002dd4630 method=com.android.dx.cf.code.BytecodeArray.parseInstruction(ILcom/android/dx/cf/code/BytecodeArray$Visitor;)I @ 2281
Event: 6.723 Thread 0x0000000002591000 Uncommon trap: reason=bimorphic action=maybe_recompile pc=0x0000000002dd4630 method=com.android.dx.cf.code.BytecodeArray.parseInstruction(ILcom/android/dx/cf/code/BytecodeArray$Visitor;)I @ 2281
Event: 6.728 Thread 0x0000000002591000 Uncommon trap: reason=bimorphic action=maybe_recompile pc=0x0000000002bf3ae4 method=java.util.HashMap.putVal(ILjava/lang/Object;Ljava/lang/Object;ZZ)Ljava/lang/Object; @ 203

Internal exceptions (3 events):
Event: 0.043 Thread 0x0000000002591000 Exception <a 'java/lang/NoSuchMethodError': Method sun.misc.Unsafe.defineClass(Ljava/lang/String;[BII)Ljava/lang/Class; name or signature does not match> (0x00000000eab0d070) thrown at [C:\re\workspace\8-2-build-windows-amd64-cygwin\jdk8u45\3457\hotspot\sr“WªòÍþ¥?
Event: 0.043 Thread 0x0000000002591000 Exception <a 'java/lang/NoSuchMethodError': Method sun.misc.Unsafe.prefetchRead(Ljava/lang/Object;J)V name or signature does not match> (0x00000000eab0d300) thrown at [C:\re\workspace\8-2-build-windows-amd64-cygwin\jdk8u45\3457\hotspot\src\share\vm\prims\jÒÑA±ý@
Event: 2.624 Thread 0x0000000002591000 Implicit null exception at 0x0000000002b6d486 to 0x0000000002b6ece1

Events (10 events):
Event: 6.723 Thread 0x0000000002591000 DEOPT PACKING pc=0x0000000002dd4630 sp=0x00000000024fe3b0
Event: 6.723 Thread 0x0000000002591000 DEOPT UNPACKING pc=0x00000000026d582a sp=0x00000000024fe360 mode 2
Event: 6.723 Thread 0x0000000002591000 Uncommon trap: trap_request=0xffffffc6 fr.pc=0x0000000002dd4630
Event: 6.723 Thread 0x0000000002591000 DEOPT PACKING pc=0x0000000002dd4630 sp=0x00000000024fe490
Event: 6.723 Thread 0x0000000002591000 DEOPT UNPACKING pc=0x00000000026d582a sp=0x00000000024fe440 mode 2
Event: 6.728 Thread 0x0000000002591000 Uncommon trap: trap_request=0xffffffc6 fr.pc=0x0000000002bf3ae4
Event: 6.728 Thread 0x0000000002591000 DEOPT PACKING pc=0x0000000002bf3ae4 sp=0x00000000024fe280
Event: 6.728 Thread 0x0000000002591000 DEOPT UNPACKING pc=0x00000000026d582a sp=0x00000000024fe208 mode 2
Event: 6.830 Executing VM operation: ParallelGCFailedAllocation
Event: 6.968 Executing VM operation: ParallelGCFailedAllocation done


Dynamic libraries:
0x00007ff6d9ce0000 - 0x00007ff6d9d17000 	C:\Program Files\Java\jdk1.8.0_45\bin\java.exe
0x00007ffe471c0000 - 0x00007ffe4737d000 	C:\WINDOWS\SYSTEM32\ntdll.dll
0x00007ffe463a0000 - 0x00007ffe4644f000 	C:\WINDOWS\system32\KERNEL32.DLL
0x00007ffe44820000 - 0x00007ffe449f6000 	C:\WINDOWS\system32\KERNELBASE.dll
0x00007ffe46450000 - 0x00007ffe464f6000 	C:\WINDOWS\system32\ADVAPI32.dll
0x00007ffe46500000 - 0x00007ffe4659d000 	C:\WINDOWS\system32\msvcrt.dll
0x00007ffe44a00000 - 0x00007ffe44a5a000 	C:\WINDOWS\system32\sechost.dll
0x00007ffe44e00000 - 0x00007ffe44f26000 	C:\WINDOWS\system32\RPCRT4.dll
0x00007ffe46f10000 - 0x00007ffe4707c000 	C:\WINDOWS\system32\USER32.dll
0x00007ffe46d80000 - 0x00007ffe46f01000 	C:\WINDOWS\system32\GDI32.dll
0x00007ffe3f6a0000 - 0x00007ffe3f90e000 	C:\WINDOWS\WinSxS\amd64_microsoft.windows.common-controls_6595b64144ccf1df_6.0.10074.4_none_82935f385fa05ec2\COMCTL32.dll
0x00007ffe46c60000 - 0x00007ffe46c95000 	C:\WINDOWS\system32\IMM32.DLL
0x00007ffe46780000 - 0x00007ffe468dc000 	C:\WINDOWS\system32\MSCTF.dll
0x0000000063eb0000 - 0x0000000063f82000 	C:\Program Files\Java\jdk1.8.0_45\jre\bin\msvcr100.dll
0x0000000063f90000 - 0x0000000064813000 	C:\Program Files\Java\jdk1.8.0_45\jre\bin\server\jvm.dll
0x00007ffe46d50000 - 0x00007ffe46d57000 	C:\WINDOWS\system32\PSAPI.DLL
0x00007ffe41e20000 - 0x00007ffe41e29000 	C:\WINDOWS\SYSTEM32\WSOCK32.dll
0x00007ffe3fed0000 - 0x00007ffe3fef2000 	C:\WINDOWS\SYSTEM32\WINMM.dll
0x00007ffe44da0000 - 0x00007ffe44dfb000 	C:\WINDOWS\system32\WS2_32.dll
0x00007ffe44b80000 - 0x00007ffe44b88000 	C:\WINDOWS\system32\NSI.dll
0x00007ffe3ff00000 - 0x00007ffe3ff0a000 	C:\WINDOWS\SYSTEM32\VERSION.dll
0x00007ffe3fe00000 - 0x00007ffe3fe2b000 	C:\WINDOWS\SYSTEM32\WINMMBASE.dll
0x00007ffe44020000 - 0x00007ffe44064000 	C:\WINDOWS\system32\cfgmgr32.dll
0x00007ffe426e0000 - 0x00007ffe42706000 	C:\WINDOWS\SYSTEM32\DEVOBJ.dll
0x0000000066190000 - 0x000000006619f000 	C:\Program Files\Java\jdk1.8.0_45\jre\bin\verify.dll
0x0000000065850000 - 0x0000000065879000 	C:\Program Files\Java\jdk1.8.0_45\jre\bin\java.dll
0x0000000065830000 - 0x0000000065846000 	C:\Program Files\Java\jdk1.8.0_45\jre\bin\zip.dll
0x00007ffe44f90000 - 0x00007ffe4639d000 	C:\WINDOWS\system32\SHELL32.dll
0x00007ffe44070000 - 0x00007ffe44644000 	C:\WINDOWS\system32\windows.storage.dll
0x00007ffe46930000 - 0x00007ffe46b86000 	C:\WINDOWS\system32\combase.dll
0x00007ffe468e0000 - 0x00007ffe46930000 	C:\WINDOWS\system32\shlwapi.dll
0x00007ffe43e30000 - 0x00007ffe43e3e000 	C:\WINDOWS\system32\kernel.appcore.dll
0x00007ffe44770000 - 0x00007ffe4481c000 	C:\WINDOWS\system32\shcore.dll
0x00007ffe43dc0000 - 0x00007ffe43e08000 	C:\WINDOWS\system32\powrprof.dll
0x00007ffe43da0000 - 0x00007ffe43db4000 	C:\WINDOWS\system32\profapi.dll
0x00007ffe19360000 - 0x00007ffe194e3000 	C:\WINDOWS\SYSTEM32\dbghelp.dll

VM Arguments:
jvm_args: -Xmx1024M -Dfile.encoding=windows-1252 -Duser.country=US -Duser.language=en -Duser.variant 
java_command: com.android.dx.command.Main --dex --output G:\Workspace\12. IDEs\Android\Projekte\Pod\app\build\intermediates\pre-dexed\debug\classes-eb76dcf4e14812179e2774f7399e1ec463371bee.jar G:\Workspace\12. IDEs\Android\Projekte\Pod\app\build\intermediates\exploded-aar\Pod\andEngine\unspecified\jars\classes.jar
java_class_path (initial): G:\Android\sdk\build-tools\21.1.0\lib\dx.jar
Launcher Type: SUN_STANDARD

Environment Variables:
PATH=C:\ProgramData\Oracle\Java\javapath;C:\WINDOWS\system32;C:\WINDOWS;C:\WINDOWS\System32\Wbem;C:\WINDOWS\System32\WindowsPowerShell\v1.0\;C:\Program Files (x86)\Skype\Phone\;C:\Program Files (x86)\NVIDIA Corporation\PhysX\Common;%SystemRoot%\system32;%SystemRoot%;%SystemRoot%\System32\Wbem;%SYSTEMROOT%\System32\WindowsPowerShell\v1.0\
USERNAME=Jack Jasra
OS=Windows_NT
PROCESSOR_IDENTIFIER=Intel64 Family 6 Model 60 Stepping 3, GenuineIntel



---------------  S Y S T E M  ---------------

OS: Windows 10.0 , 64 bit Build 10074 (10.0.10074.0)

CPU:total 4 (4 cores per cpu, 1 threads per core) family 6 model 60 stepping 3, cmov, cx8, fxsr, mmx, sse, sse2, sse3, ssse3, sse4.1, sse4.2, popcnt, avx, avx2, aes, clmul, erms, lzcnt, tsc, tscinvbit, bmi1, bmi2

Memory: 4k page, physical 8274060k(877028k free), swap 11419788k(82532k free)

vm_info: Java HotSpot(TM) 64-Bit Server VM (25.45-b02) for windows-amd64 JRE (1.8.0_45-b14), built on Apr 10 2015 10:34:15 by "java_re" with MS VC++ 10.0 (VS2010)

time: Sun May 17 15:38:05 2015
elapsed time: 22 seconds (0d 0h 0m 22s)

